<?xml version="1.0" encoding="UTF-8"?>
<!-- Generated by org.testng.reporters.JUnitReportReporter -->
<testsuite hostname="LAPTOP-DLQ7O307" failures="0" tests="1" name="com.qa.testcases.TestHomePage" time="15.376" errors="0" timestamp="2020-11-05T16:41:38 IST" skipped="0">
  <testcase classname="com.qa.testcases.TestHomePage" name="verifyhooverOnWebAndClickOnCsharp" time="15.376"/>
  <system-out/>
</testsuite> <!-- com.qa.testcases.TestHomePage -->
