<?xml version="1.0" encoding="UTF-8"?>
<!-- Generated by org.testng.reporters.JUnitReportReporter -->
<testsuite hostname="LAPTOP-DLQ7O307" failures="0" tests="1" name="com.qa.testcases.TestAboutUS" time="7.777" errors="0" timestamp="2020-11-05T16:19:35 IST" skipped="0">
  <testcase classname="com.qa.testcases.TestAboutUS" name="verifyAboutUsLink" time="7.777"/>
  <system-out/>
</testsuite> <!-- com.qa.testcases.TestAboutUS -->
