<?xml version="1.0" encoding="UTF-8"?>
<!-- Generated by org.testng.reporters.JUnitReportReporter -->
<testsuite hostname="LAPTOP-DLQ7O307" failures="0" tests="1" name="com.qa.testcases.TestCrystalPage" time="16.756" errors="0" timestamp="2020-11-04T16:52:43 IST" skipped="0">
  <testcase classname="com.qa.testcases.TestCrystalPage" name="verifyCrystalReportPage" time="16.756"/>
  <system-out/>
</testsuite> <!-- com.qa.testcases.TestCrystalPage -->
