<?xml version="1.0" encoding="UTF-8"?>
<!-- Generated by org.testng.reporters.JUnitReportReporter -->
<testsuite hostname="LAPTOP-DLQ7O307" failures="0" tests="1" name="com.qa.pages.TestAgilePage" time="0.181" errors="0" timestamp="2020-11-04T11:22:46 IST" skipped="0">
  <testcase classname="com.qa.pages.TestAgilePage" name="validateSubjectTitle" time="0.181"/>
  <system-out/>
</testsuite> <!-- com.qa.pages.TestAgilePage -->
