<?xml version="1.0" encoding="UTF-8"?>
<!-- Generated by org.testng.reporters.JUnitReportReporter -->
<testsuite skipped="0" hostname="LAPTOP-DLQ7O307" name="com.qa.testcases.TestAgilePage" tests="1" failures="0" timestamp="06 Dec 2020 07:54:40 GMT" time="0.946" errors="0">
  <testcase name="validateSubjectTitle" time="0.946" classname="com.qa.testcases.TestAgilePage"/>
</testsuite> <!-- com.qa.testcases.TestAgilePage -->
