<?xml version="1.0" encoding="UTF-8"?>
<!-- Generated by org.testng.reporters.JUnitReportReporter -->
<testsuite skipped="0" hostname="LAPTOP-DLQ7O307" name="com.qa.testcases.TestHomePage" tests="1" failures="0" timestamp="06 Dec 2020 07:54:39 GMT" time="18.256" errors="0">
  <testcase name="verifyhooverOnWebAndClickOnCsharp" time="18.256" classname="com.qa.testcases.TestHomePage"/>
</testsuite> <!-- com.qa.testcases.TestHomePage -->
