<?xml version="1.0" encoding="UTF-8"?>
<!-- Generated by org.testng.reporters.JUnitReportReporter -->
<testsuite skipped="0" hostname="DESKTOP-VBNLNPQ" name="com.qa.testcases.TestAgilePage" tests="1" failures="0" timestamp="26 Jan 2021 06:08:00 GMT" time="0.210" errors="0">
  <testcase name="validateSubjectTitle" time="0.210" classname="com.qa.testcases.TestAgilePage"/>
</testsuite> <!-- com.qa.testcases.TestAgilePage -->
